<?xml version="1.0" encoding="UTF-8"?>
<testng-results ignored="0" total="1" passed="1" failed="0" skipped="0">
  <reporter-output>
  </reporter-output>
  <suite started-at="2022-12-16T14:42:56 IST" name="Testing Google Apps" finished-at="2022-12-16T14:43:03 IST" duration-ms="7371">
    <groups>
    </groups>
    <test started-at="2022-12-16T14:42:56 IST" name="Regression" finished-at="2022-12-16T14:43:03 IST" duration-ms="7371">
      <class name="com.parameter.Testngparameter">
        <test-method signature="facebook(java.lang.String,java.lang.String,java.lang.String)[pri:0, instance:com.parameter.Testngparameter@25d250c6]" started-at="2022-12-16T14:42:56 IST" name="facebook" finished-at="2022-12-16T14:43:03 IST" duration-ms="7289" status="PASS">
          <params>
            <param index="0">
              <value>
                <![CDATA[https://wwww.facebook.com]]>
              </value>
            </param>
            <param index="1">
              <value>
                <![CDATA[naveen]]>
              </value>
            </param>
            <param index="2">
              <value>
                <![CDATA[test@123]]>
              </value>
            </param>
          </params>
          <reporter-output>
          </reporter-output>
        </test-method> <!-- facebook -->
      </class> <!-- com.parameter.Testngparameter -->
    </test> <!-- Regression -->
  </suite> <!-- Testing Google Apps -->
</testng-results>
